# JRE version: OpenJDK Runtime Environment (11.0.11+9) (build 11.0.11+9-Ubuntu-0ubuntu2.20.04)
# Java VM: OpenJDK 64-Bit Server VM (11.0.11+9-Ubuntu-0ubuntu2.20.04, mixed mode, tiered, compressed oops, g1 gc, linux-amd64)
Heap:
 garbage-first heap   total 152576K, used 49963K [0x0000000085c00000, 0x0000000100000000)
  region size 1024K, 44 young (45056K), 8 survivors (8192K)
 Metaspace       used 43667K, capacity 44696K, committed 45052K, reserved 1089536K
  class space    used 4989K, capacity 5381K, committed 5452K, reserved 1048576K
GC Heap History (12 events):
Event: 1,362 GC heap before
{Heap before GC invocations=0 (full 0):
 garbage-first heap   total 126976K, used 23552K [0x0000000085c00000, 0x0000000100000000)
  region size 1024K, 24 young (24576K), 0 survivors (0K)
 Metaspace       used 12397K, capacity 12573K, committed 12800K, reserved 1060864K
  class space    used 1143K, capacity 1212K, committed 1280K, reserved 1048576K
}
Event: 1,368 GC heap after
{Heap after GC invocations=1 (full 0):
 garbage-first heap   total 126976K, used 4389K [0x0000000085c00000, 0x0000000100000000)
  region size 1024K, 3 young (3072K), 3 survivors (3072K)
 Metaspace       used 12397K, capacity 12573K, committed 12800K, reserved 1060864K
  class space    used 1143K, capacity 1212K, committed 1280K, reserved 1048576K
}
Event: 1,794 GC heap before
{Heap before GC invocations=1 (full 0):
 garbage-first heap   total 126976K, used 71973K [0x0000000085c00000, 0x0000000100000000)
  region size 1024K, 71 young (72704K), 3 survivors (3072K)
 Metaspace       used 20627K, capacity 21006K, committed 21296K, reserved 1069056K
  class space    used 2262K, capacity 2407K, committed 2432K, reserved 1048576K
}
Event: 1,800 GC heap after
{Heap after GC invocations=2 (full 0):
 garbage-first heap   total 126976K, used 6437K [0x0000000085c00000, 0x0000000100000000)
  region size 1024K, 5 young (5120K), 5 survivors (5120K)
 Metaspace       used 20627K, capacity 21006K, committed 21296K, reserved 1069056K
  class space    used 2262K, capacity 2407K, committed 2432K, reserved 1048576K
}
Event: 2,117 GC heap before
{Heap before GC invocations=3 (full 0):
 garbage-first heap   total 126976K, used 75045K [0x0000000085c00000, 0x0000000100000000)
  region size 1024K, 72 young (73728K), 5 survivors (5120K)
 Metaspace       used 26640K, capacity 27112K, committed 27568K, reserved 1073152K
  class space    used 2987K, capacity 3209K, committed 3328K, reserved 1048576K
}
Event: 2,126 GC heap after
{Heap after GC invocations=4 (full 0):
 garbage-first heap   total 126976K, used 7508K [0x0000000085c00000, 0x0000000100000000)
  region size 1024K, 3 young (3072K), 3 survivors (3072K)
 Metaspace       used 26640K, capacity 27112K, committed 27568K, reserved 1073152K
  class space    used 2987K, capacity 3209K, committed 3328K, reserved 1048576K
}
Event: 2,882 GC heap before
{Heap before GC invocations=4 (full 0):
 garbage-first heap   total 126976K, used 79188K [0x0000000085c00000, 0x0000000100000000)
  region size 1024K, 74 young (75776K), 3 survivors (3072K)
 Metaspace       used 33538K, capacity 34285K, committed 34608K, reserved 1079296K
  class space    used 3805K, capacity 4121K, committed 4224K, reserved 1048576K
}
Event: 2,891 GC heap after
{Heap after GC invocations=5 (full 0):
 garbage-first heap   total 126976K, used 10480K [0x0000000085c00000, 0x0000000100000000)
  region size 1024K, 6 young (6144K), 6 survivors (6144K)
 Metaspace       used 33538K, capacity 34285K, committed 34608K, reserved 1079296K
  class space    used 3805K, capacity 4121K, committed 4224K, reserved 1048576K
}
Event: 3,049 GC heap before
{Heap before GC invocations=5 (full 0):
 garbage-first heap   total 126976K, used 25840K [0x0000000085c00000, 0x0000000100000000)
  region size 1024K, 22 young (22528K), 6 survivors (6144K)
 Metaspace       used 34808K, capacity 35524K, committed 35708K, reserved 1081344K
  class space    used 3949K, capacity 4234K, committed 4300K, reserved 1048576K
}
Event: 3,061 GC heap after
{Heap after GC invocations=6 (full 0):
 garbage-first heap   total 152576K, used 11197K [0x0000000085c00000, 0x0000000100000000)
  region size 1024K, 5 young (5120K), 5 survivors (5120K)
 Metaspace       used 34808K, capacity 35524K, committed 35708K, reserved 1081344K
  class space    used 3949K, capacity 4234K, committed 4300K, reserved 1048576K
}
Event: 4,191 GC heap before
{Heap before GC invocations=7 (full 0):
 garbage-first heap   total 152576K, used 86973K [0x0000000085c00000, 0x0000000100000000)
  region size 1024K, 79 young (80896K), 5 survivors (5120K)
 Metaspace       used 40350K, capacity 41293K, committed 41468K, reserved 1085440K
  class space    used 4585K, capacity 4932K, committed 4940K, reserved 1048576K
}
Event: 4,206 GC heap after
{Heap after GC invocations=8 (full 0):
 garbage-first heap   total 152576K, used 14123K [0x0000000085c00000, 0x0000000100000000)
  region size 1024K, 8 young (8192K), 8 survivors (8192K)
 Metaspace       used 40350K, capacity 41293K, committed 41468K, reserved 1085440K
  class space    used 4585K, capacity 4932K, committed 4940K, reserved 1048576K
}

